FaceMaskDetection/app/build/intermediates/manifest_merge_blame_file/debug/manifest-merger-blame-debug-report.txt
1<?xml version="1.0" encoding="utf-8"?>
2<manifest xmlns:android="http://schemas.android.com/apk/res/android"
3    package="com.jojo.facemaskdetection"
4    android:versionCode="1"
5    android:versionName="1.0" >
6
7    <uses-sdk
8        android:minSdkVersion="23"
8-->src\main\AndroidManifest.xml
9        android:targetSdkVersion="29" />
9-->src\main\AndroidManifest.xml
10
11    <uses-permission android:name="android.permission.CAMERA" />
11-->src\main\AndroidManifest.xml:5:5-65
11-->src\main\AndroidManifest.xml:5:22-62
12
13    <application
13-->src\main\AndroidManifest.xml:7:5-24:19
14        android:allowBackup="true"
14-->src\main\AndroidManifest.xml:8:9-35
15        android:appComponentFactory="androidx.core.app.CoreComponentFactory"
15-->[androidx.core:core:1.3.0] AndroidManifest.xml:24:18-86
16        android:debuggable="true"
17        android:extractNativeLibs="false"
18        android:icon="@drawable/icon"
18-->src\main\AndroidManifest.xml:9:9-38
19        android:label="@string/app_name"
19-->src\main\AndroidManifest.xml:10:9-41
20        android:roundIcon="@drawable/icon"
20-->src\main\AndroidManifest.xml:11:9-43
21        android:supportsRtl="true"
21-->src\main\AndroidManifest.xml:12:9-35
22        android:testOnly="true"
23        android:theme="@style/AppTheme" >
23-->src\main\AndroidManifest.xml:13:9-40
24        <activity android:name="com.doancuoiky_app.facemaskdetection.LivePreview" />
24-->src\main\AndroidManifest.xml:14:9-58
24-->src\main\AndroidManifest.xml:14:19-46
25        <activity
25-->src\main\AndroidManifest.xml:15:9-23:20
26            android:name="com.doancuoiky_app.facemaskdetection.MainActivity"
26-->src\main\AndroidManifest.xml:16:13-41
27            android:exported="true" >
27-->src\main\AndroidManifest.xml:17:13-36
28            <intent-filter>
28-->src\main\AndroidManifest.xml:18:13-22:29
29                <action android:name="android.intent.action.MAIN" />
29-->src\main\AndroidManifest.xml:19:17-69
29-->src\main\AndroidManifest.xml:19:25-66
30
31                <category android:name="android.intent.category.LAUNCHER" />
31-->src\main\AndroidManifest.xml:21:17-77
31-->src\main\AndroidManifest.xml:21:27-74
32            </intent-filter>
33        </activity>
34
35        <provider
35-->[androidx.camera:camera-camera2:1.0.0-alpha04] AndroidManifest.xml:25:9-30:43
36            android:name="androidx.camera.camera2.impl.Camera2Initializer"
36-->[androidx.camera:camera-camera2:1.0.0-alpha04] AndroidManifest.xml:26:13-75
37            android:authorities="com.jojo.facemaskdetection.camerax-init"
37-->[androidx.camera:camera-camera2:1.0.0-alpha04] AndroidManifest.xml:27:13-64
38            android:exported="false"
38-->[androidx.camera:camera-camera2:1.0.0-alpha04] AndroidManifest.xml:28:13-37
39            android:initOrder="100"
39-->[androidx.camera:camera-camera2:1.0.0-alpha04] AndroidManifest.xml:29:13-36
40            android:multiprocess="true" />
40-->[androidx.camera:camera-camera2:1.0.0-alpha04] AndroidManifest.xml:30:13-40
41
42        <meta-data
42-->[com.google.android.gms:play-services-basement:17.0.0] AndroidManifest.xml:23:9-25:69
43            android:name="com.google.android.gms.version"
43-->[com.google.android.gms:play-services-basement:17.0.0] AndroidManifest.xml:24:13-58
44            android:value="@integer/google_play_services_version" />
44-->[com.google.android.gms:play-services-basement:17.0.0] AndroidManifest.xml:25:13-66
45    </application>
46
47</manifest>